{"contracts/LinkedListLib.sol":{"l":{"56":2,"57":1,"59":1,"70":95,"71":26,"72":15,"74":11,"77":69,"84":17,"85":17,"86":17,"87":17,"88":32,"89":32,"91":17,"100":10,"101":1,"103":9,"114":61,"115":2,"117":59,"130":5,"131":4,"132":4,"133":4,"134":4,"135":4,"136":4,"144":20,"145":20,"154":8,"155":7,"156":7,"157":7,"158":7,"160":1,"168":7,"169":6,"170":6,"171":6,"172":6,"180":3,"187":2,"188":2,"190":2,"192":2},"path":"/Users/hackdom/Projects/ethereum-libraries-linked-list/contracts/LinkedListLib.sol","s":{"1":2,"2":1,"3":1,"4":95,"5":26,"6":15,"7":11,"8":69,"9":17,"10":17,"11":32,"12":17,"13":10,"14":1,"15":9,"16":61,"17":2,"18":59,"19":5,"20":1,"21":4,"22":4,"23":4,"24":4,"25":4,"26":20,"27":20,"28":8,"29":7,"30":7,"31":7,"32":7,"33":1,"34":7,"35":1,"36":6,"37":6,"38":3,"39":2,"40":2},"b":{"1":[1,1],"2":[26,69],"3":[15,11],"4":[1,9],"5":[2,59],"6":[1,4],"7":[4,0],"8":[7,1],"9":[1,6]},"f":{"1":2,"2":95,"3":17,"4":10,"5":61,"6":5,"7":20,"8":8,"9":7,"10":3,"11":2},"fnMap":{"1":{"name":"listExists","line":51,"loc":{"start":{"line":51,"column":4},"end":{"line":54,"column":5}}},"2":{"name":"nodeExists","line":66,"loc":{"start":{"line":66,"column":4},"end":{"line":69,"column":5}}},"3":{"name":"sizeOf","line":83,"loc":{"start":{"line":83,"column":4},"end":{"line":83,"column":84}}},"4":{"name":"getNode","line":97,"loc":{"start":{"line":97,"column":4},"end":{"line":99,"column":5}}},"5":{"name":"getAdjacent","line":111,"loc":{"start":{"line":111,"column":4},"end":{"line":113,"column":5}}},"6":{"name":"getSortedSpot","line":127,"loc":{"start":{"line":127,"column":4},"end":{"line":129,"column":5}}},"7":{"name":"createLink","line":143,"loc":{"start":{"line":143,"column":4},"end":{"line":143,"column":102}}},"8":{"name":"insert","line":153,"loc":{"start":{"line":153,"column":4},"end":{"line":153,"column":112}}},"9":{"name":"remove","line":167,"loc":{"start":{"line":167,"column":4},"end":{"line":167,"column":84}}},"10":{"name":"push","line":179,"loc":{"start":{"line":179,"column":4},"end":{"line":179,"column":82}}},"11":{"name":"pop","line":186,"loc":{"start":{"line":186,"column":4},"end":{"line":186,"column":83}}}},"statementMap":{"1":{"start":{"line":56,"column":8},"end":{"line":56,"column":2206}},"2":{"start":{"line":57,"column":12},"end":{"line":57,"column":23}},"3":{"start":{"line":59,"column":12},"end":{"line":59,"column":24}},"4":{"start":{"line":70,"column":8},"end":{"line":70,"column":2622}},"5":{"start":{"line":71,"column":12},"end":{"line":71,"column":2710}},"6":{"start":{"line":72,"column":16},"end":{"line":72,"column":27}},"7":{"start":{"line":74,"column":16},"end":{"line":74,"column":28}},"8":{"start":{"line":77,"column":12},"end":{"line":77,"column":23}},"9":{"start":{"line":86,"column":8},"end":{"line":86,"column":49}},"10":{"start":{"line":87,"column":8},"end":{"line":87,"column":3195}},"11":{"start":{"line":88,"column":12},"end":{"line":88,"column":50}},"12":{"start":{"line":91,"column":8},"end":{"line":91,"column":14}},"13":{"start":{"line":100,"column":8},"end":{"line":100,"column":3602}},"14":{"start":{"line":101,"column":12},"end":{"line":101,"column":30}},"15":{"start":{"line":103,"column":12},"end":{"line":103,"column":72}},"16":{"start":{"line":114,"column":8},"end":{"line":114,"column":4136}},"17":{"start":{"line":115,"column":12},"end":{"line":115,"column":28}},"18":{"start":{"line":117,"column":12},"end":{"line":117,"column":54}},"19":{"start":{"line":130,"column":8},"end":{"line":130,"column":43}},"20":{"start":{"line":130,"column":33},"end":{"line":130,"column":41}},"21":{"start":{"line":131,"column":8},"end":{"line":131,"column":54}},"22":{"start":{"line":134,"column":8},"end":{"line":134,"column":59}},"23":{"start":{"line":135,"column":8},"end":{"line":135,"column":118}},"24":{"start":{"line":135,"column":84},"end":{"line":135,"column":117}},"25":{"start":{"line":136,"column":8},"end":{"line":136,"column":19}},"26":{"start":{"line":144,"column":8},"end":{"line":144,"column":44}},"27":{"start":{"line":145,"column":8},"end":{"line":145,"column":43}},"28":{"start":{"line":154,"column":8},"end":{"line":154,"column":5967}},"29":{"start":{"line":155,"column":12},"end":{"line":155,"column":51}},"30":{"start":{"line":156,"column":12},"end":{"line":156,"column":52}},"31":{"start":{"line":157,"column":12},"end":{"line":157,"column":48}},"32":{"start":{"line":158,"column":12},"end":{"line":158,"column":23}},"33":{"start":{"line":160,"column":12},"end":{"line":160,"column":24}},"34":{"start":{"line":168,"column":8},"end":{"line":168,"column":70}},"35":{"start":{"line":168,"column":60},"end":{"line":168,"column":68}},"36":{"start":{"line":169,"column":8},"end":{"line":169,"column":77}},"37":{"start":{"line":172,"column":8},"end":{"line":172,"column":20}},"38":{"start":{"line":180,"column":8},"end":{"line":180,"column":44}},"39":{"start":{"line":190,"column":8},"end":{"line":190,"column":57}},"40":{"start":{"line":192,"column":8},"end":{"line":192,"column":32}}},"branchMap":{"1":{"line":56,"type":"if","locations":[{"start":{"line":56,"column":8},"end":{"line":56,"column":8}},{"start":{"line":56,"column":8},"end":{"line":56,"column":8}}]},"2":{"line":70,"type":"if","locations":[{"start":{"line":70,"column":8},"end":{"line":70,"column":8}},{"start":{"line":70,"column":8},"end":{"line":70,"column":8}}]},"3":{"line":71,"type":"if","locations":[{"start":{"line":71,"column":12},"end":{"line":71,"column":12}},{"start":{"line":71,"column":12},"end":{"line":71,"column":12}}]},"4":{"line":100,"type":"if","locations":[{"start":{"line":100,"column":8},"end":{"line":100,"column":8}},{"start":{"line":100,"column":8},"end":{"line":100,"column":8}}]},"5":{"line":114,"type":"if","locations":[{"start":{"line":114,"column":8},"end":{"line":114,"column":8}},{"start":{"line":114,"column":8},"end":{"line":114,"column":8}}]},"6":{"line":130,"type":"if","locations":[{"start":{"line":130,"column":8},"end":{"line":130,"column":8}},{"start":{"line":130,"column":8},"end":{"line":130,"column":8}}]},"7":{"line":131,"type":"if","locations":[{"start":{"line":131,"column":8},"end":{"line":131,"column":8}},{"start":{"line":131,"column":8},"end":{"line":131,"column":8}}]},"8":{"line":154,"type":"if","locations":[{"start":{"line":154,"column":8},"end":{"line":154,"column":8}},{"start":{"line":154,"column":8},"end":{"line":154,"column":8}}]},"9":{"line":168,"type":"if","locations":[{"start":{"line":168,"column":8},"end":{"line":168,"column":8}},{"start":{"line":168,"column":8},"end":{"line":168,"column":8}}]}}},"contracts/LinkedListTestContract.sol":{"l":{"20":2,"25":2,"30":12,"38":10,"47":6,"58":5,"66":5,"72":5,"79":3,"85":2},"path":"/Users/hackdom/Projects/ethereum-libraries-linked-list/contracts/LinkedListTestContract.sol","s":{"1":2,"2":2,"3":12,"4":10,"5":6,"6":5,"7":5,"8":2},"b":{},"f":{"1":2,"2":2,"3":12,"4":10,"5":6,"6":5,"7":5,"8":5,"9":3,"10":2},"fnMap":{"1":{"name":"listExists","line":17,"loc":{"start":{"line":17,"column":1},"end":{"line":19,"column":5}}},"2":{"name":"nodeExists","line":24,"loc":{"start":{"line":24,"column":4},"end":{"line":24,"column":63}}},"3":{"name":"sizeOf","line":29,"loc":{"start":{"line":29,"column":4},"end":{"line":29,"column":61}}},"4":{"name":"getNode","line":35,"loc":{"start":{"line":35,"column":4},"end":{"line":37,"column":5}}},"5":{"name":"getAdjacent","line":44,"loc":{"start":{"line":44,"column":4},"end":{"line":46,"column":5}}},"6":{"name":"getSortedSpot","line":55,"loc":{"start":{"line":55,"column":4},"end":{"line":57,"column":5}}},"7":{"name":"insert","line":65,"loc":{"start":{"line":65,"column":4},"end":{"line":65,"column":70}}},"8":{"name":"remove","line":71,"loc":{"start":{"line":71,"column":4},"end":{"line":71,"column":57}}},"9":{"name":"push","line":78,"loc":{"start":{"line":78,"column":4},"end":{"line":78,"column":54}}},"10":{"name":"pop","line":84,"loc":{"start":{"line":84,"column":4},"end":{"line":84,"column":56}}}},"statementMap":{"1":{"start":{"line":20,"column":8},"end":{"line":20,"column":32}},"2":{"start":{"line":25,"column":8},"end":{"line":25,"column":37}},"3":{"start":{"line":30,"column":8},"end":{"line":30,"column":28}},"4":{"start":{"line":38,"column":8},"end":{"line":38,"column":34}},"5":{"start":{"line":47,"column":8},"end":{"line":47,"column":49}},"6":{"start":{"line":58,"column":8},"end":{"line":58,"column":58}},"7":{"start":{"line":72,"column":8},"end":{"line":72,"column":33}},"8":{"start":{"line":85,"column":8},"end":{"line":85,"column":35}}},"branchMap":{}}}